<?xml version="1.0" encoding="utf-8"?><testsuites name="pytest tests"><testsuite name="pytest" errors="0" failures="0" skipped="0" tests="8" time="1.964" timestamp="2026-07-28T05:16:47.639196+00:00" hostname="agent-env-8ad11217-39c0-4d88-809a-2c190b0681c1"><testcase classname="tests.test_certificate_feature.TestCertificateInitialShape" name="test_psychic_module_initial_shape" time="0.928" /><testcase classname="tests.test_certificate_feature.TestCertificateInitialShape" name="test_astral_module_initial_shape_lessons_total_4" time="0.155" /><testcase classname="tests.test_certificate_feature.TestCertificateInitialShape" name="test_unknown_module_slug_documents_behaviour" time="0.132" /><testcase classname="tests.test_certificate_feature.TestQuizAttemptUpdatesCertificate" name="test_submit_attempt_updates_certificate_and_per_lesson_pct" time="0.301" /><testcase classname="tests.test_certificate_feature.TestQuizAttemptUpdatesCertificate" name="test_certificate_get_after_attempt_reflects_persistence" time="0.101" /><testcase classname="tests.test_certificate_feature.TestWorkbookIncludesCertificateBlock" name="test_lesson_workbook_returns_certificate_block" time="0.106" /><testcase classname="tests.test_certificate_feature.TestCertificateAuthGuard" name="test_certificate_requires_auth" time="0.098" /><testcase classname="tests.test_certificate_feature.TestCertificateAuthGuard" name="test_astral_certificate_requires_auth" time="0.100" /></testsuite></testsuites>