<?xml version="1.0" encoding="utf-8"?><testsuites name="pytest tests"><testsuite name="pytest" errors="0" failures="0" skipped="0" tests="3" time="25.938" timestamp="2026-07-14T11:48:33.919596+00:00" hostname="agent-env-8ad11217-39c0-4d88-809a-2c190b0681c1"><testcase classname="tests.test_dream_interpreter.TestDreamInterpret" name="test_interpret_with_full_input" time="6.180" /><testcase classname="tests.test_dream_interpreter.TestDreamInterpret" name="test_interpret_with_empty_description" time="7.739" /><testcase classname="tests.test_dream_interpreter.TestSpiritGuideChat" name="test_elemental_guide_chat_no_500" time="12.000" /></testsuite></testsuites>