<?xml version="1.0" encoding="utf-8"?><testsuites name="pytest tests"><testsuite name="pytest" errors="0" failures="0" skipped="0" tests="4" time="21.940" timestamp="2026-08-12T07:51:52.018539+00:00" hostname="agent-env-8ad11217-39c0-4d88-809a-2c190b0681c1"><testcase classname="backend.tests.test_oracle_crash_fix.TestOracleDraw" name="test_single_card_draw_uses_image_url_not_base64" time="8.537" /><testcase classname="backend.tests.test_oracle_crash_fix.TestOracleDraw" name="test_multi_card_draw_uses_image_url_not_base64" time="12.694" /><testcase classname="backend.tests.test_oracle_crash_fix.TestOracleReadingsStripsBase64" name="test_readings_endpoint_never_returns_image_base64" time="0.545" /><testcase classname="backend.tests.test_oracle_crash_fix.TestOracleReadingsStripsBase64" name="test_readings_response_size_reasonable" time="0.136" /></testsuite></testsuites>