<?xml version="1.0" encoding="utf-8"?><testsuites name="pytest tests"><testsuite name="pytest" errors="0" failures="0" skipped="0" tests="7" time="95.658" timestamp="2026-07-21T09:56:03.097904+00:00" hostname="agent-env-8ad11217-39c0-4d88-809a-2c190b0681c1"><testcase classname="tests.test_oracle.TestOracleDraw" name="test_single_card_draw_under_15s" time="7.807" /><testcase classname="tests.test_oracle.TestOracleDraw" name="test_three_card_draw_under_25s" time="14.276" /><testcase classname="tests.test_oracle.TestOracleDraw" name="test_celtic_five_card_under_40s" time="15.357" /><testcase classname="tests.test_oracle.TestOracleImageCache" name="test_repeated_draws_serve_cached_images" time="39.249" /><testcase classname="tests.test_oracle.TestOracleChat" name="test_chat_against_fresh_three_card_spread" time="18.689" /><testcase classname="tests.test_oracle.TestOracleChat" name="test_chat_missing_reading_returns_400" time="0.113" /><testcase classname="tests.test_oracle.TestOracleChat" name="test_chat_missing_question_returns_400" time="0.134" /></testsuite></testsuites>