<?xml version="1.0" encoding="utf-8"?><testsuites name="pytest tests"><testsuite name="pytest" errors="0" failures="0" skipped="0" tests="7" time="1.468" timestamp="2026-07-21T16:01:58.092172+00:00" hostname="agent-env-8ad11217-39c0-4d88-809a-2c190b0681c1"><testcase classname="tests.test_prize_drawing_winners.TestPrizeDrawingWinners" name="test_winners_default_shape" time="0.294" /><testcase classname="tests.test_prize_drawing_winners.TestPrizeDrawingWinners" name="test_winners_no_auth_required" time="0.221" /><testcase classname="tests.test_prize_drawing_winners.TestPrizeDrawingWinners" name="test_winners_limit_param" time="0.062" /><testcase classname="tests.test_prize_drawing_winners.TestPrizeDrawingWinners" name="test_winners_invalid_limit_is_clamped" time="0.102" /><testcase classname="tests.test_prize_drawing_winners.TestPrizeDrawingWinners" name="test_winners_masked_member_id_shape" time="0.047" /><testcase classname="tests.test_prize_drawing_winners.TestPrizeDrawingStatusRegression" name="test_status_unauthenticated_returns_defaults" time="0.224" /><testcase classname="tests.test_prize_drawing_winners.TestPrizeDrawingStatusRegression" name="test_status_with_bearer_token" time="0.492" /></testsuite></testsuites>