<?xml version="1.0" encoding="utf-8"?><testsuites name="pytest tests"><testsuite name="pytest" errors="0" failures="0" skipped="0" tests="19" time="8.505" timestamp="2026-06-09T11:37:39.906707+00:00" hostname="agent-env-8ad11217-39c0-4d88-809a-2c190b0681c1"><testcase classname="tests.test_subscription_stripe.TestPlans" name="test_plans_returns_both_plans" time="0.282" /><testcase classname="tests.test_subscription_stripe.TestPlans" name="test_plans_shape_monthly" time="0.167" /><testcase classname="tests.test_subscription_stripe.TestPlans" name="test_plans_shape_annual" time="0.104" /><testcase classname="tests.test_subscription_stripe.TestPlans" name="test_free_tier_limits_is_dict" time="0.143" /><testcase classname="tests.test_subscription_stripe.TestStatus" name="test_status_no_auth_returns_free" time="0.143" /><testcase classname="tests.test_subscription_stripe.TestStatus" name="test_status_admin_returns_premium" time="0.539" /><testcase classname="tests.test_subscription_stripe.TestCreateCheckout" name="test_missing_auth_returns_401" time="0.105" /><testcase classname="tests.test_subscription_stripe.TestCreateCheckout" name="test_invalid_plan_returns_400" time="0.143" /><testcase classname="tests.test_subscription_stripe.TestCreateCheckout" name="test_create_checkout_returns_real_stripe_url[premium_monthly]" time="1.390" /><testcase classname="tests.test_subscription_stripe.TestCreateCheckout" name="test_create_checkout_returns_real_stripe_url[premium_annual]" time="0.715" /><testcase classname="tests.test_subscription_stripe.TestCheckoutStatus" name="test_unknown_session_returns_404" time="0.120" /><testcase classname="tests.test_subscription_stripe.TestCheckoutStatus" name="test_known_unpaid_session" time="2.077" /><testcase classname="tests.test_subscription_stripe.TestWebhookDevFallback" name="test_checkout_completed_marks_admin_premium" time="0.712" /><testcase classname="tests.test_subscription_stripe.TestWebhookDevFallback" name="test_subscription_updated_active" time="0.555" /><testcase classname="tests.test_subscription_stripe.TestWebhookDevFallback" name="test_subscription_deleted_revokes_premium" time="0.585" /><testcase classname="tests.test_subscription_stripe.TestFeatureAccess" name="test_oracle_unlimited_admin_has_access" time="0.331" /><testcase classname="tests.test_subscription_stripe.TestRegression" name="test_spirit_guides_familiarity" time="0.101" /><testcase classname="tests.test_subscription_stripe.TestRegression" name="test_daily_card" time="0.126" /><testcase classname="tests.test_subscription_stripe.TestRegression" name="test_companion_guide" time="0.111" /></testsuite></testsuites>