<?xml version="1.0" encoding="utf-8"?><testsuites name="pytest tests"><testsuite name="pytest" errors="0" failures="0" skipped="0" tests="19" time="6.417" timestamp="2026-06-08T21:10:20.041620+00:00" hostname="agent-env-8ad11217-39c0-4d88-809a-2c190b0681c1"><testcase classname="tests.test_push_notifications.TestRegisterPush" name="test_missing_fields_returns_422" time="2.948" /><testcase classname="tests.test_push_notifications.TestRegisterPush" name="test_missing_device_token_returns_422" time="0.185" /><testcase classname="tests.test_push_notifications.TestRegisterPush" name="test_missing_platform_returns_422" time="0.212" /><testcase classname="tests.test_push_notifications.TestRegisterPush" name="test_valid_body_returns_500_with_placeholder_key" time="0.268" /><testcase classname="tests.test_push_notifications.TestNotificationPreferences" name="test_get_requires_auth" time="0.125" /><testcase classname="tests.test_push_notifications.TestNotificationPreferences" name="test_put_requires_auth" time="0.193" /><testcase classname="tests.test_push_notifications.TestNotificationPreferences" name="test_put_then_get_roundtrip" time="0.655" /><testcase classname="tests.test_push_notifications.TestNotificationPreferences" name="test_hour_out_of_range_rejected" time="0.181" /><testcase classname="tests.test_push_notifications.TestNotificationPreferences" name="test_timezone_offset_out_of_range_rejected" time="0.182" /><testcase classname="tests.test_push_notifications.TestNotificationsTest" name="test_requires_auth" time="0.180" /><testcase classname="tests.test_push_notifications.TestNotificationsTest" name="test_returns_json_does_not_500" time="0.194" /><testcase classname="tests.test_push_notifications.TestLegacyRegister" name="test_requires_auth" time="0.142" /><testcase classname="tests.test_push_notifications.TestLegacyRegister" name="test_returns_json_does_not_crash" time="0.196" /><testcase classname="tests.test_push_notifications.TestSchedulerSmoke" name="test_module_imports_cleanly" time="0.001" /><testcase classname="tests.test_push_notifications.TestSchedulerSmoke" name="test_start_is_idempotent_and_tick_runs" time="0.103" /><testcase classname="tests.test_push_notifications.TestSchedulerSmoke" name="test_send_push_to_user_signature_preserved" time="0.084" /><testcase classname="tests.test_push_notifications.TestRegressionUnrelatedEndpoints" name="test_spirit_guides_familiarity" time="0.122" /><testcase classname="tests.test_push_notifications.TestRegressionUnrelatedEndpoints" name="test_daily_card" time="0.126" /><testcase classname="tests.test_push_notifications.TestRegressionUnrelatedEndpoints" name="test_daily_collective" time="0.273" /></testsuite></testsuites>