<?xml version="1.0" encoding="utf-8"?><testsuites name="pytest tests"><testsuite name="pytest" errors="0" failures="0" skipped="0" tests="30" time="6.513" timestamp="2026-06-12T11:55:42.133722+00:00" hostname="agent-env-8ad11217-39c0-4d88-809a-2c190b0681c1"><testcase classname="backend.tests.test_profile_circle_directmail.TestProfile" name="test_get_me_admin_shape" time="0.660" /><testcase classname="backend.tests.test_profile_circle_directmail.TestProfile" name="test_put_me_full_update_and_persist" time="0.254" /><testcase classname="backend.tests.test_profile_circle_directmail.TestProfile" name="test_put_me_partial_preserves_others" time="0.242" /><testcase classname="backend.tests.test_profile_circle_directmail.TestProfile" name="test_psychic_interests_cap_and_dedupe" time="0.405" /><testcase classname="backend.tests.test_profile_circle_directmail.TestProfile" name="test_get_other_profile_hides_private" time="0.760" /><testcase classname="backend.tests.test_profile_circle_directmail.TestProfile" name="test_get_other_profile_404_for_unknown" time="0.133" /><testcase classname="backend.tests.test_profile_circle_directmail.TestEmailForward" name="test_email_forward_to_other_user_succeeds" time="0.342" /><testcase classname="backend.tests.test_profile_circle_directmail.TestEmailForward" name="test_email_self_400" time="0.099" /><testcase classname="backend.tests.test_profile_circle_directmail.TestEmailForward" name="test_email_empty_subject_422" time="0.131" /><testcase classname="backend.tests.test_profile_circle_directmail.TestEmailForward" name="test_email_empty_body_422" time="0.102" /><testcase classname="backend.tests.test_profile_circle_directmail.TestDirectMail" name="test_send_letter" time="0.105" /><testcase classname="backend.tests.test_profile_circle_directmail.TestDirectMail" name="test_send_self_400" time="0.103" /><testcase classname="backend.tests.test_profile_circle_directmail.TestDirectMail" name="test_recipient_inbox_contains_letter" time="0.096" /><testcase classname="backend.tests.test_profile_circle_directmail.TestDirectMail" name="test_get_letter_marks_read_for_recipient" time="0.198" /><testcase classname="backend.tests.test_profile_circle_directmail.TestDirectMail" name="test_sender_sent_contains_letter" time="0.165" /><testcase classname="backend.tests.test_profile_circle_directmail.TestDirectMail" name="test_soft_delete_one_side_only" time="0.294" /><testcase classname="backend.tests.test_profile_circle_directmail.TestCircles" name="test_send_invite_self_400" time="0.100" /><testcase classname="backend.tests.test_profile_circle_directmail.TestCircles" name="test_send_invite_sent" time="0.115" /><testcase classname="backend.tests.test_profile_circle_directmail.TestCircles" name="test_send_invite_idempotent_already_pending" time="0.098" /><testcase classname="backend.tests.test_profile_circle_directmail.TestCircles" name="test_other_profile_shows_invite_pending_out" time="0.100" /><testcase classname="backend.tests.test_profile_circle_directmail.TestCircles" name="test_recipient_profile_shows_invite_pending_in" time="0.100" /><testcase classname="backend.tests.test_profile_circle_directmail.TestCircles" name="test_recipient_invites_list_contains_invite" time="0.099" /><testcase classname="backend.tests.test_profile_circle_directmail.TestCircles" name="test_accept_invite_mutual_circle" time="0.320" /><testcase classname="backend.tests.test_profile_circle_directmail.TestCircles" name="test_in_circle_relationship_both_sides" time="0.248" /><testcase classname="backend.tests.test_profile_circle_directmail.TestCircles" name="test_remove_member_mutual" time="0.341" /><testcase classname="backend.tests.test_profile_circle_directmail.TestCircles" name="test_decline_flow" time="0.399" /><testcase classname="backend.tests.test_profile_circle_directmail.TestRegression" name="test_messages_users" time="0.120" /><testcase classname="backend.tests.test_profile_circle_directmail.TestRegression" name="test_companion_guide" time="0.113" /><testcase classname="backend.tests.test_profile_circle_directmail.TestRegression" name="test_subscription_plans" time="0.098" /><testcase classname="backend.tests.test_profile_circle_directmail.TestRegression" name="test_spirit_guides_familiarity" time="0.105" /></testsuite></testsuites>