<?xml version="1.0" encoding="utf-8"?><testsuites name="pytest tests"><testsuite name="pytest" errors="0" failures="0" skipped="0" tests="10" time="3.571" timestamp="2026-07-03T20:21:40.362926+00:00" hostname="agent-env-8ad11217-39c0-4d88-809a-2c190b0681c1"><testcase classname="backend.tests.test_reprogramming.TestSessionsList" name="test_list_public" time="0.232" /><testcase classname="backend.tests.test_reprogramming.TestSessionsList" name="test_list_admin" time="0.337" /><testcase classname="backend.tests.test_reprogramming.TestSessionDetail" name="test_detail_ok" time="0.052" /><testcase classname="backend.tests.test_reprogramming.TestSessionDetail" name="test_detail_404" time="0.053" /><testcase classname="backend.tests.test_reprogramming.TestAudioBase64" name="test_deep_sleep_base64" time="0.606" /><testcase classname="backend.tests.test_reprogramming.TestAudioBase64" name="test_deep_sleep_base64_cached" time="0.544" /><testcase classname="backend.tests.test_reprogramming.TestAudioBase64" name="test_confidence_base64" time="0.544" /><testcase classname="backend.tests.test_reprogramming.TestPaywall" name="test_premium_session_blocked_for_free_user" time="0.493" /><testcase classname="backend.tests.test_reprogramming.TestPaywall" name="test_free_session_open_for_free_user" time="0.579" /><testcase classname="backend.tests.test_reprogramming.TestAudioStream" name="test_stream_headers" time="0.091" /></testsuite></testsuites>