<?xml version="1.0" encoding="utf-8"?><testsuites name="pytest tests"><testsuite name="pytest" errors="0" failures="0" skipped="0" tests="15" time="3.808" timestamp="2026-07-21T09:37:45.130002+00:00" hostname="agent-env-8ad11217-39c0-4d88-809a-2c190b0681c1"><testcase classname="tests.test_training_workbook.TestAuthGuard" name="test_get_workbook_requires_auth" time="0.116" /><testcase classname="tests.test_training_workbook.TestAuthGuard" name="test_put_notes_requires_auth" time="0.107" /><testcase classname="tests.test_training_workbook.TestAuthGuard" name="test_post_practice_requires_auth" time="0.096" /><testcase classname="tests.test_training_workbook.TestAuthGuard" name="test_get_quiz_requires_auth" time="0.105" /><testcase classname="tests.test_training_workbook.TestAuthGuard" name="test_post_quiz_attempt_requires_auth" time="0.097" /><testcase classname="tests.test_training_workbook.TestAuthGuard" name="test_certificate_requires_auth" time="0.092" /><testcase classname="tests.test_training_workbook.TestPsychicHappyPath" name="test_01_get_initial_workbook" time="0.937" /><testcase classname="tests.test_training_workbook.TestPsychicHappyPath" name="test_02_put_notes_persists" time="0.209" /><testcase classname="tests.test_training_workbook.TestPsychicHappyPath" name="test_03_add_practice_entry" time="0.198" /><testcase classname="tests.test_training_workbook.TestPsychicHappyPath" name="test_04_delete_practice_entry" time="0.192" /><testcase classname="tests.test_training_workbook.TestPsychicHappyPath" name="test_05_get_quiz_generates_and_hides_correct_index" time="0.096" /><testcase classname="tests.test_training_workbook.TestPsychicHappyPath" name="test_06_submit_quiz_attempt" time="0.103" /><testcase classname="tests.test_training_workbook.TestPsychicHappyPath" name="test_07_wrong_answer_count_returns_400" time="0.100" /><testcase classname="tests.test_training_workbook.TestAstralQuiz" name="test_astral_intro_quiz_generation" time="0.198" /><testcase classname="tests.test_training_workbook.TestCertificateAllFiveLessons" name="test_certificate_after_all_lessons" time="1.138" /></testsuite></testsuites>